# JRE version: OpenJDK Runtime Environment Temurin-21.0.12.1+1 (21.0.12.1+1) (build 21.0.12.1+1-LTS)
# Java VM: OpenJDK 64-Bit Server VM Temurin-21.0.12.1+1 (21.0.12.1+1-LTS, mixed mode, sharing, tiered, compressed oops, compressed class ptrs, g1 gc, windows-amd64)
GC Precious Log:
 CardTable entry size: 512
 Card Set container configuration: InlinePtr #cards 5 size 8 Array Of Cards #cards 12 size 40 Howl #buckets 4 coarsen threshold 1843 Howl Bitmap #cards 512 size 80 coarsen threshold 460 Card regions per heap region 1 cards per card region 2048
 CPUs: 2 total, 2 available
 Memory: 3871M
 Large Page Support: Disabled
 NUMA Support: Disabled
 Compressed Oops: Enabled (32-bit)
 Heap Region Size: 1M
 Heap Min Capacity: 8M
 Heap Initial Capacity: 62M
 Heap Max Capacity: 2G
 Pre-touch: Disabled
 Parallel Workers: 2
 Concurrent Workers: 1
 Concurrent Refinement Workers: 2
 Periodic GC: Disabled
Heap:
 garbage-first heap   total 326656K, used 234496K [0x0000000080000000, 0x0000000100000000)
  region size 1024K, 10 young (10240K), 10 survivors (10240K)
 Metaspace       used 61441K, committed 62848K, reserved 1114112K
  class space    used 6553K, committed 7168K, reserved 1048576K
GC Heap History (20 events):
Event: 163.694 GC heap after
{Heap after GC invocations=54 (full 0):
 garbage-first heap   total 176128K, used 129024K [0x0000000080000000, 0x0000000100000000)
  region size 1024K, 5 young (5120K), 5 survivors (5120K)
 Metaspace       used 61435K, committed 62848K, reserved 1114112K
  class space    used 6553K, committed 7168K, reserved 1048576K
}
Event: 165.520 GC heap before
{Heap before GC invocations=55 (full 0):
 garbage-first heap   total 214016K, used 158720K [0x0000000080000000, 0x0000000100000000)
  region size 1024K, 35 young (35840K), 5 survivors (5120K)
 Metaspace       used 61435K, committed 62848K, reserved 1114112K
  class space    used 6553K, committed 7168K, reserved 1048576K
}
Event: 165.540 GC heap after
{Heap after GC invocations=56 (full 0):
 garbage-first heap   total 214016K, used 135168K [0x0000000080000000, 0x0000000100000000)
  region size 1024K, 5 young (5120K), 5 survivors (5120K)
 Metaspace       used 61435K, committed 62848K, reserved 1114112K
  class space    used 6553K, committed 7168K, reserved 1048576K
}
Event: 168.085 GC heap before
{Heap before GC invocations=56 (full 0):
 garbage-first heap   total 214016K, used 185344K [0x0000000080000000, 0x0000000100000000)
  region size 1024K, 54 young (55296K), 5 survivors (5120K)
 Metaspace       used 61435K, committed 62848K, reserved 1114112K
  class space    used 6553K, committed 7168K, reserved 1048576K
}
Event: 168.113 GC heap after
{Heap after GC invocations=57 (full 0):
 garbage-first heap   total 214016K, used 143360K [0x0000000080000000, 0x0000000100000000)
  region size 1024K, 7 young (7168K), 7 survivors (7168K)
 Metaspace       used 61435K, committed 62848K, reserved 1114112K
  class space    used 6553K, committed 7168K, reserved 1048576K
}
Event: 168.893 GC heap before
{Heap before GC invocations=57 (full 0):
 garbage-first heap   total 214016K, used 188416K [0x0000000080000000, 0x0000000100000000)
  region size 1024K, 51 young (52224K), 7 survivors (7168K)
 Metaspace       used 61435K, committed 62848K, reserved 1114112K
  class space    used 6553K, committed 7168K, reserved 1048576K
}
Event: 168.919 GC heap after
{Heap after GC invocations=58 (full 0):
 garbage-first heap   total 214016K, used 153088K [0x0000000080000000, 0x0000000100000000)
  region size 1024K, 7 young (7168K), 7 survivors (7168K)
 Metaspace       used 61435K, committed 62848K, reserved 1114112K
  class space    used 6553K, committed 7168K, reserved 1048576K
}
Event: 171.113 GC heap before
{Heap before GC invocations=59 (full 0):
 garbage-first heap   total 256000K, used 193024K [0x0000000080000000, 0x0000000100000000)
  region size 1024K, 46 young (47104K), 7 survivors (7168K)
 Metaspace       used 61435K, committed 62848K, reserved 1114112K
  class space    used 6553K, committed 7168K, reserved 1048576K
}
Event: 171.142 GC heap after
{Heap after GC invocations=60 (full 0):
 garbage-first heap   total 256000K, used 161792K [0x0000000080000000, 0x0000000100000000)
  region size 1024K, 6 young (6144K), 6 survivors (6144K)
 Metaspace       used 61435K, committed 62848K, reserved 1114112K
  class space    used 6553K, committed 7168K, reserved 1048576K
}
Event: 175.010 GC heap before
{Heap before GC invocations=60 (full 0):
 garbage-first heap   total 256000K, used 222208K [0x0000000080000000, 0x0000000100000000)
  region size 1024K, 65 young (66560K), 6 survivors (6144K)
 Metaspace       used 61435K, committed 62848K, reserved 1114112K
  class space    used 6553K, committed 7168K, reserved 1048576K
}
Event: 175.038 GC heap after
{Heap after GC invocations=61 (full 0):
 garbage-first heap   total 256000K, used 173568K [0x0000000080000000, 0x0000000100000000)
  region size 1024K, 9 young (9216K), 9 survivors (9216K)
 Metaspace       used 61435K, committed 62848K, reserved 1114112K
  class space    used 6553K, committed 7168K, reserved 1048576K
}
Event: 176.853 GC heap before
{Heap before GC invocations=61 (full 0):
 garbage-first heap   total 256000K, used 230912K [0x0000000080000000, 0x0000000100000000)
  region size 1024K, 61 young (62464K), 9 survivors (9216K)
 Metaspace       used 61435K, committed 62848K, reserved 1114112K
  class space    used 6553K, committed 7168K, reserved 1048576K
}
Event: 176.893 GC heap after
{Heap after GC invocations=62 (full 0):
 garbage-first heap   total 256000K, used 186880K [0x0000000080000000, 0x0000000100000000)
  region size 1024K, 8 young (8192K), 8 survivors (8192K)
 Metaspace       used 61435K, committed 62848K, reserved 1114112K
  class space    used 6553K, committed 7168K, reserved 1048576K
}
Event: 177.900 GC heap before
{Heap before GC invocations=62 (full 0):
 garbage-first heap   total 256000K, used 232960K [0x0000000080000000, 0x0000000100000000)
  region size 1024K, 53 young (54272K), 8 survivors (8192K)
 Metaspace       used 61435K, committed 62848K, reserved 1114112K
  class space    used 6553K, committed 7168K, reserved 1048576K
}
Event: 177.928 GC heap after
{Heap after GC invocations=63 (full 0):
 garbage-first heap   total 256000K, used 197120K [0x0000000080000000, 0x0000000100000000)
  region size 1024K, 7 young (7168K), 7 survivors (7168K)
 Metaspace       used 61435K, committed 62848K, reserved 1114112K
  class space    used 6553K, committed 7168K, reserved 1048576K
}
Event: 179.238 GC heap before
{Heap before GC invocations=64 (full 0):
 garbage-first heap   total 326656K, used 233984K [0x0000000080000000, 0x0000000100000000)
  region size 1024K, 45 young (46080K), 7 survivors (7168K)
 Metaspace       used 61436K, committed 62848K, reserved 1114112K
  class space    used 6553K, committed 7168K, reserved 1048576K
}
Event: 179.330 GC heap after
{Heap after GC invocations=65 (full 0):
 garbage-first heap   total 326656K, used 203776K [0x0000000080000000, 0x0000000100000000)
  region size 1024K, 6 young (6144K), 6 survivors (6144K)
 Metaspace       used 61436K, committed 62848K, reserved 1114112K
  class space    used 6553K, committed 7168K, reserved 1048576K
}
Event: 182.328 GC heap before
{Heap before GC invocations=65 (full 0):
 garbage-first heap   total 326656K, used 282624K [0x0000000080000000, 0x0000000100000000)
  region size 1024K, 83 young (84992K), 6 survivors (6144K)
 Metaspace       used 61436K, committed 62848K, reserved 1114112K
  class space    used 6553K, committed 7168K, reserved 1048576K
}
Event: 182.433 GC heap after
{Heap after GC invocations=66 (full 0):
 garbage-first heap   total 326656K, used 220010K [0x0000000080000000, 0x0000000100000000)
  region size 1024K, 11 young (11264K), 11 survivors (11264K)
 Metaspace       used 61436K, committed 62848K, reserved 1114112K
  class space    used 6553K, committed 7168K, reserved 1048576K
}
Event: 185.244 GC heap before
{Heap before GC invocations=66 (full 0):
 garbage-first heap   total 326656K, used 287594K [0x0000000080000000, 0x0000000100000000)
  region size 1024K, 77 young (78848K), 11 survivors (11264K)
 Metaspace       used 61441K, committed 62848K, reserved 1114112K
  class space    used 6553K, committed 7168K, reserved 1048576K
}

